<?xml version="1.0" encoding="UTF-8"?>
<testng-results skipped="0" failed="0" ignored="0" total="1" passed="1">
  <reporter-output>
  </reporter-output>
  <suite name="Default suite" duration-ms="30261" started-at="2019-07-12T10:01:10Z" finished-at="2019-07-12T10:01:40Z">
    <groups>
    </groups>
    <test name="Default test" duration-ms="30261" started-at="2019-07-12T10:01:10Z" finished-at="2019-07-12T10:01:40Z">
      <class name="trifacta.TrifactaUIHomePageHeaderlinksTest">
        <test-method status="PASS" signature="initialize()[pri:0, instance:trifacta.TrifactaUIHomePageHeaderlinksTest@5e82df6a]" name="initialize" is-config="true" duration-ms="5807" started-at="2019-07-12T10:01:10Z" finished-at="2019-07-12T10:01:16Z">
          <reporter-output>
          </reporter-output>
        </test-method> <!-- initialize -->
        <test-method status="PASS" signature="VerifyHomePageHeaderlinks()[pri:0, instance:trifacta.TrifactaUIHomePageHeaderlinksTest@5e82df6a]" name="VerifyHomePageHeaderlinks" duration-ms="24366" started-at="2019-07-12T10:01:16Z" finished-at="2019-07-12T10:01:40Z">
          <reporter-output>
          </reporter-output>
        </test-method> <!-- VerifyHomePageHeaderlinks -->
        <test-method status="PASS" signature="teardown()[pri:0, instance:trifacta.TrifactaUIHomePageHeaderlinksTest@5e82df6a]" name="teardown" is-config="true" duration-ms="73" started-at="2019-07-12T10:01:40Z" finished-at="2019-07-12T10:01:40Z">
          <reporter-output>
          </reporter-output>
        </test-method> <!-- teardown -->
      </class> <!-- trifacta.TrifactaUIHomePageHeaderlinksTest -->
    </test> <!-- Default test -->
  </suite> <!-- Default suite -->
</testng-results>
